[2026-06-24T14:35:37.040Z][INFO] Command-line: 'C:\\Program Files\\Unity\\Hub\\Editor\\6000.5.0f1\\Editor\\Data\\Resources\\PackageManager\\Server\\UnityPackageManager.exe' server -s 29936 --ipc-path Unity-Upm-29936 -l 2 --log-file C:\\Users\\Owner\\OneDrive\\Documents\\GitHub\\stardance\\dash-runner/Logs/upm.log
[2026-06-24T14:35:37.192Z][INFO] IPC server started (IPC path=Unity-Upm-29936).
[2026-06-24T14:35:37.192Z][INFO] Hint: To connect to this UPM instance, launch Unity with the command-line parameter -upmIpcPath Upm-29936.
[2026-06-24T14:36:27.902Z][INFO] project:list-packages <-- Request received
params: {}
[2026-06-24T14:36:27.909Z][INFO] project:list-packages --> 404 (7 ms)
[2026-06-24T14:36:28.576Z][INFO] config:project:get-registries <-- Request received
params: {}
[2026-06-24T14:36:28.591Z][INFO] project:list-packages <-- Request received
params: {}
[2026-06-24T14:36:28.608Z][INFO] config:project:get-registries --> 404 (32 ms)
[2026-06-24T14:36:28.609Z][INFO] project:list-packages --> 404 (19 ms)
[2026-06-24T14:36:28.848Z][INFO] project:update-dependencies <-- Request received
params: {}
[2026-06-24T14:36:28.914Z][INFO] project:update-dependencies --> 200 (66 ms)
[2026-06-24T14:36:28.946Z][INFO] project:resolve-packages <-- Request received
params: {}
[2026-06-24T14:36:29.452Z][INFO] Downloading package [com.unity.package-manager.metadata-6000.5@0.0.44] from registry 'https://packages.unity.com'
[2026-06-24T14:36:30.128Z][INFO] Finished downloading package [com.unity.package-manager.metadata-6000.5@0.0.44] from registry 'https://packages.unity.com' (size: 11.4 kB, time: 676ms)
[2026-06-24T14:36:33.116Z][INFO] project:resolve-packages --> 200 (4170 ms)
[2026-06-24T14:37:24.931Z][INFO] project:list-packages <-- Request received
params: {}
[2026-06-24T14:37:25.010Z][INFO] project:list-packages <-- Request received
params: {}
[2026-06-24T14:37:25.182Z][INFO] project:list-packages --> 200 (252 ms)
[2026-06-24T14:37:25.255Z][INFO] project:list-packages --> 200 (245 ms)
[2026-06-24T14:37:25.257Z][INFO] config:project:get-registries <-- Request received
params: {}
[2026-06-24T14:37:25.266Z][INFO] config:project:get-registries --> 200 (9 ms)
[2026-06-24T14:37:36.016Z][INFO] project:list-packages <-- Request received
params: {}
[2026-06-24T14:37:36.188Z][INFO] project:list-packages --> 200 (172 ms)
[2026-06-24T14:37:41.205Z][INFO] packages:get-all-packageinfo <-- Request received
params: {}
[2026-06-24T14:37:41.233Z][INFO] packages:get-all-packageinfo <-- Request received
params: {}
[2026-06-24T14:38:07.740Z][INFO] packages:get-all-packageinfo --> 200 (26507 ms)
[2026-06-24T14:38:07.921Z][INFO] packages:get-all-packageinfo --> 200 (26716 ms)
[2026-06-24T14:38:08.192Z][INFO] packages:get-packageinfo <-- Request received
params: {
  "packageId": "com.unity.addressables@2.9.1"
}
[2026-06-24T14:38:08.210Z][INFO] packages:get-packageinfo <-- Request received
params: {
  "packageId": "com.unity.ads.ios-support@1.0.1"
}
[2026-06-24T14:38:08.229Z][INFO] packages:get-packageinfo <-- Request received
params: {
  "packageId": "com.unity.learn.iet-framework@5.0.4"
}
[2026-06-24T14:38:08.230Z][INFO] packages:get-packageinfo <-- Request received
params: {
  "packageId": "com.unity.learn.iet-framework.authoring@1.5.4"
}
[2026-06-24T14:38:08.270Z][INFO] packages:get-packageinfo <-- Request received
params: {
  "packageId": "com.unity.probuilder@6.0.9"
}
[2026-06-24T14:38:08.270Z][INFO] packages:get-packageinfo <-- Request received
params: {
  "packageId": "com.unity.scriptablebuildpipeline@2.6.1"
}
[2026-06-24T14:38:08.271Z][INFO] packages:get-packageinfo <-- Request received
params: {
  "packageId": "com.unity.splines@2.8.4"
}
[2026-06-24T14:38:08.332Z][INFO] packages:get-packageinfo <-- Request received
params: {
  "packageId": "com.unity.xr.management@4.5.4"
}
[2026-06-24T14:38:08.333Z][INFO] packages:get-packageinfo <-- Request received
params: {
  "packageId": "com.unity.services.friends@1.1.1"
}
[2026-06-24T14:38:08.334Z][INFO] packages:get-packageinfo <-- Request received
params: {
  "packageId": "com.unity.services.moderation@1.0.2"
}
[2026-06-24T14:38:08.335Z][INFO] packages:get-packageinfo <-- Request received
params: {
  "packageId": "com.unity.services.multiplayer@2.1.3"
}
[2026-06-24T14:38:08.637Z][INFO] packages:get-packageinfo --> 200 (303 ms)
[2026-06-24T14:38:08.638Z][INFO] packages:get-packageinfo --> 200 (305 ms)
[2026-06-24T14:38:08.639Z][INFO] packages:get-packageinfo --> 200 (304 ms)
[2026-06-24T14:38:08.643Z][INFO] packages:get-packageinfo --> 200 (432 ms)
[2026-06-24T14:38:08.645Z][INFO] packages:get-packageinfo --> 200 (414 ms)
[2026-06-24T14:38:08.648Z][INFO] packages:get-packageinfo --> 200 (419 ms)
[2026-06-24T14:38:08.649Z][INFO] packages:get-packageinfo --> 200 (378 ms)
[2026-06-24T14:38:08.651Z][INFO] packages:get-packageinfo --> 200 (381 ms)
[2026-06-24T14:38:08.654Z][INFO] packages:get-packageinfo --> 200 (385 ms)
[2026-06-24T14:38:08.656Z][INFO] packages:get-packageinfo --> 200 (324 ms)
[2026-06-24T14:38:08.661Z][INFO] packages:get-packageinfo --> 200 (469 ms)
[2026-06-24T14:39:23.361Z][INFO] project:list-packages <-- Request received
params: {}
[2026-06-24T14:39:23.496Z][INFO] project:list-packages --> 200 (136 ms)
[2026-06-24T14:39:23.515Z][INFO] config:project:get-registries <-- Request received
params: {}
[2026-06-24T14:39:23.521Z][INFO] config:project:get-registries --> 200 (6 ms)
[2026-06-24T14:41:40.605Z][INFO] project:list-packages <-- Request received
params: {}
[2026-06-24T14:41:40.747Z][INFO] project:list-packages --> 200 (143 ms)
[2026-06-24T14:41:40.779Z][INFO] config:project:get-registries <-- Request received
params: {}
[2026-06-24T14:41:40.790Z][INFO] config:project:get-registries --> 200 (11 ms)
